<?xml version="1.0" encoding="UTF-8"?>
<!-- Generated by org.testng.reporters.JUnitReportReporter -->
<testsuite skipped="0" hostname="lisahoo-WX-1" name="com.qa.testcases.DataProviderHashMap" tests="1" failures="0" timestamp="08 Feb 2019 09:09:23 GMT" time="0.010" errors="0">
  <testcase name="HelloTest" time="0.010" classname="com.qa.testcases.DataProviderHashMap"/>
</testsuite> <!-- com.qa.testcases.DataProviderHashMap -->
